2021-07-18 16:01:57,331 INFO c.s.p.a.v.MenuController [main] printed menu 
2021-07-18 16:04:17,134 INFO c.s.p.a.v.MenuController [main] printed menu 
2021-07-18 16:04:35,418 INFO c.s.p.a.v.MenuController [main] User input: 1 
2021-07-18 16:04:35,419 INFO c.s.p.a.v.MenuController [main] printed menu 
2021-07-18 16:04:37,709 INFO c.s.p.a.v.MenuController [main] User input: 1 
2021-07-18 16:04:41,991 ERROR c.s.p.a.v.MenuController [main] Cannot invoke "IMasterService.addMaster(String, String, int, int)" because "this.iMasterService" is null
2021-07-18 16:04:41,992 INFO c.s.p.a.v.MenuController [main] printed menu 
2021-07-18 16:27:52,142 INFO c.s.p.a.v.MenuController [main] User input: 4 
2021-07-18 16:27:52,180 ERROR c.s.p.a.v.MenuController [main] Cannot invoke "IMasterService.showMasters()" because "this.iMasterService" is null
2021-07-18 16:27:52,180 INFO c.s.p.a.v.MenuController [main] printed menu 
2021-07-18 16:28:17,722 INFO c.s.p.a.v.MenuController [main] User input: 0 
2021-07-18 16:32:35,869 INFO c.s.p.a.v.MenuController [main] printed menu 
2021-07-18 16:32:56,679 INFO c.s.p.a.v.MenuController [main] printed menu 
2021-07-18 16:32:58,799 INFO c.s.p.a.v.MenuController [main] User input: 1 
2021-07-18 16:32:58,799 INFO c.s.p.a.v.MenuController [main] printed menu 
2021-07-18 16:32:59,837 INFO c.s.p.a.v.MenuController [main] User input: 1 
2021-07-18 16:33:03,351 ERROR c.s.p.a.v.MenuController [main] Cannot invoke "IMasterService.addMaster(String, String, int, int)" because "this.iMasterService" is null
2021-07-18 16:33:03,352 INFO c.s.p.a.v.MenuController [main] printed menu 
2021-07-18 16:33:04,937 INFO c.s.p.a.v.MenuController [main] User input: 4 
2021-07-18 16:33:04,937 ERROR c.s.p.a.v.MenuController [main] Cannot invoke "IMasterService.showMasters()" because "this.iMasterService" is null
2021-07-18 16:33:04,937 INFO c.s.p.a.v.MenuController [main] printed menu 
2021-07-18 16:36:26,519 INFO c.s.p.a.v.MenuController [main] printed menu 
2021-07-18 16:36:30,737 INFO c.s.p.a.v.MenuController [main] User input: 1 
2021-07-18 16:36:30,738 INFO c.s.p.a.v.MenuController [main] printed menu 
2021-07-18 16:36:33,363 INFO c.s.p.a.v.MenuController [main] User input: 1 
2021-07-18 16:37:13,042 ERROR c.s.p.a.v.MenuController [main] Cannot invoke "IMasterService.addMaster(String, String, int, int)" because "this.iMasterService" is null
2021-07-18 16:37:13,043 INFO c.s.p.a.v.MenuController [main] printed menu 
2021-07-18 17:13:09,280 INFO c.s.p.a.v.MenuController [main] printed menu 
2021-07-18 17:39:28,769 INFO c.s.p.a.v.MenuController [main] printed menu 
2021-07-18 17:39:32,823 INFO c.s.p.a.v.MenuController [main] User input: 1 
2021-07-18 17:39:32,823 INFO c.s.p.a.v.MenuController [main] printed menu 
2021-07-18 17:39:34,166 INFO c.s.p.a.v.MenuController [main] User input: 1 
2021-07-18 17:39:38,874 ERROR c.s.p.a.v.MenuController [main] null 
2021-07-18 17:39:38,874 INFO c.s.p.a.v.MenuController [main] printed menu 
2021-07-18 17:39:39,737 INFO c.s.p.a.v.MenuController [main] User input: 4 
2021-07-18 17:39:39,737 ERROR c.s.p.a.v.MenuController [main] null 
2021-07-18 17:39:39,737 INFO c.s.p.a.v.MenuController [main] printed menu 
2021-07-18 17:47:10,331 INFO c.s.a.v.MenuController [main] printed menu 
2021-07-18 18:02:34,018 INFO c.s.a.v.MenuController [main] printed menu 
2021-07-18 19:19:42,727 INFO c.s.a.v.MenuController [main] printed menu 
2021-07-18 19:19:48,547 INFO c.s.a.v.MenuController [main] User input: 1 
2021-07-18 19:19:48,547 INFO c.s.a.v.MenuController [main] printed menu 
2021-07-18 19:19:50,100 INFO c.s.a.v.MenuController [main] User input: 1 
2021-07-18 19:19:55,889 ERROR c.s.a.v.MenuController [main] Cannot invoke "com.senla.autoservice.service.IMasterService.addMaster(String, String, int, int)" because "this.iMasterService" is null 
2021-07-18 19:19:55,890 INFO c.s.a.v.MenuController [main] printed menu 
2021-07-18 19:19:57,797 INFO c.s.a.v.MenuController [main] User input: 4 
2021-07-18 19:19:57,797 ERROR c.s.a.v.MenuController [main] Cannot invoke "com.senla.autoservice.service.IMasterService.showMasters()" because "this.iMasterService" is null 
2021-07-18 19:19:57,797 INFO c.s.a.v.MenuController [main] printed menu 
2021-07-18 19:21:10,974 INFO c.s.a.v.MenuController [main] printed menu 
2021-07-18 19:21:41,309 INFO c.s.a.v.MenuController [main] printed menu 
2021-07-18 19:21:44,790 INFO c.s.a.v.MenuController [main] User input: 1 
2021-07-18 19:21:44,791 INFO c.s.a.v.MenuController [main] printed menu 
2021-07-18 19:21:45,446 INFO c.s.a.v.MenuController [main] User input: 1 
2021-07-18 19:21:49,020 ERROR c.s.a.v.MenuController [main] Cannot invoke "com.senla.autoservice.service.IMasterService.addMaster(String, String, int, int)" because "this.iMasterService" is null 
2021-07-18 19:21:49,020 INFO c.s.a.v.MenuController [main] printed menu 
2021-07-18 19:22:56,132 INFO c.s.a.v.MenuController [main] printed menu 
2021-07-18 19:23:38,040 INFO c.s.a.v.MenuController [main] printed menu 
2021-07-18 19:23:44,979 INFO c.s.a.v.MenuController [main] User input: 1 
2021-07-18 19:23:44,979 INFO c.s.a.v.MenuController [main] printed menu 
2021-07-18 19:23:46,712 INFO c.s.a.v.MenuController [main] User input: 1 
2021-07-18 19:24:29,016 ERROR c.s.a.v.MenuController [main] Cannot invoke "com.senla.autoservice.service.IMasterService.addMaster(String, String, int, int)" because "this.iMasterService" is null 
2021-07-18 19:24:29,016 INFO c.s.a.v.MenuController [main] printed menu 
2021-07-18 19:54:46,016 INFO c.s.a.v.MenuController [main] printed menu 
2021-07-18 19:54:49,327 INFO c.s.a.v.MenuController [main] User input: 1 
2021-07-18 19:54:49,327 INFO c.s.a.v.MenuController [main] printed menu 
2021-07-18 19:54:50,378 INFO c.s.a.v.MenuController [main] User input: 1 
2021-07-18 19:56:05,865 ERROR c.s.a.v.MenuController [main] Cannot invoke "com.senla.autoservice.service.IMasterService.addMaster(String, String, int, int)" because "this.iMasterService" is null 
2021-07-18 19:56:05,867 INFO c.s.a.v.MenuController [main] printed menu 
2021-07-18 20:08:07,662 INFO c.s.a.v.MenuController [main] printed menu 
2021-07-18 20:08:54,096 INFO c.s.a.v.MenuController [main] User input: 1 
2021-07-18 20:08:54,097 INFO c.s.a.v.MenuController [main] printed menu 
2021-07-18 20:08:55,574 INFO c.s.a.v.MenuController [main] User input: 1 
2021-07-18 20:09:26,505 INFO c.s.a.s.r.MasterService [main] added master Master{position='asd', salary=123, free=1} 
2021-07-18 20:09:30,555 INFO c.s.a.v.MenuController [main] printed menu 
2021-07-18 20:09:32,602 INFO c.s.a.v.MenuController [main] User input: 4 
2021-07-18 20:09:32,602 INFO c.s.a.s.r.MasterService [main] output of all masters 
2021-07-18 20:09:32,603 INFO c.s.a.v.MenuController [main] printed menu 
2021-07-22 22:34:56,191 INFO c.s.a.v.MenuController [main] printed menu 
2021-07-22 22:35:44,455 INFO c.s.a.v.MenuController [main] printed menu 
2021-07-22 22:40:40,052 INFO c.s.a.v.MenuController [main] printed menu 
2021-07-22 22:40:47,138 INFO c.s.a.v.MenuController [main] printed menu 
2021-07-22 22:40:56,087 INFO c.s.a.v.MenuController [main] printed menu 
2021-07-22 22:41:16,321 INFO c.s.a.v.MenuController [main] printed menu 
2021-07-22 22:41:29,771 INFO c.s.a.v.MenuController [main] printed menu 
2021-07-22 22:41:36,308 INFO c.s.a.v.MenuController [main] User input: 2 
2021-07-22 22:41:36,309 INFO c.s.a.v.MenuController [main] printed menu 
2021-07-22 22:41:39,117 INFO c.s.a.v.MenuController [main] User input: 1 
2021-07-22 22:41:43,315 ERROR c.s.a.v.MenuController [main] Index -1 out of bounds for length 0 
2021-07-22 22:41:43,315 INFO c.s.a.v.MenuController [main] printed menu 
2021-07-22 22:41:49,254 INFO c.s.a.v.MenuController [main] User input: 5 
2021-07-22 22:41:49,254 ERROR c.s.a.v.MenuController [main] Index -1 out of bounds for length 0 
2021-07-22 22:41:49,255 INFO c.s.a.v.MenuController [main] printed menu 
2021-07-22 22:41:53,606 INFO c.s.a.v.MenuController [main] User input: 4 
2021-07-22 22:41:53,607 ERROR c.s.a.v.MenuController [main] Index -1 out of bounds for length 0 
2021-07-22 22:41:53,608 INFO c.s.a.v.MenuController [main] printed menu 
2021-07-22 22:42:07,941 INFO c.s.a.v.MenuController [main] printed menu 
2021-07-22 22:42:19,760 INFO c.s.a.v.MenuController [main] User input: 2 
2021-07-22 22:42:19,760 INFO c.s.a.v.MenuController [main] printed menu 
2021-07-22 22:42:21,268 INFO c.s.a.v.MenuController [main] User input: 1 
2021-07-22 22:42:23,351 ERROR c.s.a.v.MenuController [main] Index -1 out of bounds for length 0 
2021-07-22 22:42:23,352 INFO c.s.a.v.MenuController [main] printed menu 
2021-07-22 22:42:25,342 INFO c.s.a.v.MenuController [main] User input: 4 
2021-07-22 22:42:25,343 ERROR c.s.a.v.MenuController [main] Index -1 out of bounds for length 0 
2021-07-22 22:42:25,343 INFO c.s.a.v.MenuController [main] printed menu 
2021-07-22 22:43:14,605 INFO c.s.a.v.MenuController [main] printed menu 
2021-07-22 22:43:22,642 INFO c.s.a.v.MenuController [main] User input: 2 
2021-07-22 22:43:22,642 INFO c.s.a.v.MenuController [main] printed menu 
2021-07-22 22:43:26,973 INFO c.s.a.v.MenuController [main] User input: 1 
2021-07-22 22:43:28,365 ERROR c.s.a.v.MenuController [main] Index -1 out of bounds for length 0 
2021-07-22 22:43:28,366 INFO c.s.a.v.MenuController [main] printed menu 
2021-07-22 22:43:30,061 INFO c.s.a.v.MenuController [main] User input: 5 
2021-07-22 22:43:30,062 ERROR c.s.a.v.MenuController [main] Index -1 out of bounds for length 0 
2021-07-22 22:43:30,063 INFO c.s.a.v.MenuController [main] printed menu 
2021-07-22 22:44:06,739 INFO c.s.a.v.MenuController [main] printed menu 
2021-07-22 22:44:12,566 INFO c.s.a.v.MenuController [main] User input: 2 
2021-07-22 22:44:12,567 INFO c.s.a.v.MenuController [main] printed menu 
2021-07-22 22:44:13,908 INFO c.s.a.v.MenuController [main] User input: 1 
2021-07-22 22:44:56,133 ERROR c.s.a.v.MenuController [main] Index -1 out of bounds for length 0 
2021-07-22 22:44:56,134 INFO c.s.a.v.MenuController [main] printed menu 
2021-07-22 22:45:06,403 INFO c.s.a.v.MenuController [main] User input: 1 
2021-07-22 22:45:20,559 ERROR c.s.a.v.MenuController [main] Index -1 out of bounds for length 0 
2021-07-22 22:45:20,559 INFO c.s.a.v.MenuController [main] printed menu 
2021-07-22 22:45:58,153 INFO c.s.a.v.MenuController [main] printed menu 
2021-07-22 22:46:03,617 INFO c.s.a.v.MenuController [main] User input: 2 
2021-07-22 22:46:03,618 INFO c.s.a.v.MenuController [main] printed menu 
2021-07-22 22:46:06,029 INFO c.s.a.v.MenuController [main] User input: 1 
2021-07-22 22:46:22,333 ERROR c.s.a.v.MenuController [main] Index -1 out of bounds for length 0 
2021-07-22 22:46:22,334 INFO c.s.a.v.MenuController [main] printed menu 
2021-07-22 22:52:21,543 INFO c.s.a.v.MenuController [main] printed menu 
2021-07-22 22:52:53,502 INFO c.s.a.v.MenuController [main] printed menu 
2021-07-22 22:55:21,602 INFO c.s.a.v.MenuController [main] printed menu 
2021-07-22 22:55:37,392 INFO c.s.a.v.MenuController [main] printed menu 
2021-07-22 22:56:56,429 INFO c.s.a.v.MenuController [main] printed menu 
